::1 - - [13/Oct/2020:19:03:19 +0000] "GET /orphanages HTTP/1.1" 200 364 "-" "insomnia/2020.4.1"
::1 - - [13/Oct/2020:19:03:35 +0000] "POST /orphanages HTTP/1.1" 500 455 "-" "insomnia/2020.4.1"
::1 - - [13/Oct/2020:19:04:58 +0000] "POST /orphanages HTTP/1.1" 500 35 "-" "insomnia/2020.4.1"
::1 - - [13/Oct/2020:19:13:45 +0000] "POST /orphanages HTTP/1.1" 500 35 "-" "insomnia/2020.4.1"
::1 - - [13/Oct/2020:19:18:37 +0000] "POST /orphanages HTTP/1.1" 400 83 "-" "insomnia/2020.4.1"
::1 - - [13/Oct/2020:19:19:32 +0000] "POST /orphanages HTTP/1.1" 400 124 "-" "insomnia/2020.4.1"
::1 - - [14/Oct/2020:13:52:00 +0000] "GET /orphanages HTTP/1.1" 200 364 "http://localhost:3000/" "Mozilla/5.0 (Windows NT 10.0; Win64; x64) AppleWebKit/537.36 (KHTML, like Gecko) Chrome/86.0.4240.75 Safari/537.36"
::1 - - [14/Oct/2020:13:52:05 +0000] "GET /orphanages HTTP/1.1" 304 - "http://localhost:3000/" "Mozilla/5.0 (Windows NT 10.0; Win64; x64) AppleWebKit/537.36 (KHTML, like Gecko) Chrome/86.0.4240.75 Safari/537.36"
::1 - - [14/Oct/2020:13:59:32 +0000] "GET /orphanages HTTP/1.1" 304 - "http://localhost:3000/" "Mozilla/5.0 (Windows NT 10.0; Win64; x64) AppleWebKit/537.36 (KHTML, like Gecko) Chrome/86.0.4240.75 Safari/537.36"
::1 - - [14/Oct/2020:14:00:10 +0000] "GET /orphanages HTTP/1.1" 304 - "http://localhost:3000/" "Mozilla/5.0 (Windows NT 10.0; Win64; x64) AppleWebKit/537.36 (KHTML, like Gecko) Chrome/86.0.4240.75 Safari/537.36"
::1 - - [14/Oct/2020:14:01:45 +0000] "GET /orphanages HTTP/1.1" 304 - "http://localhost:3000/" "Mozilla/5.0 (Windows NT 10.0; Win64; x64) AppleWebKit/537.36 (KHTML, like Gecko) Chrome/86.0.4240.75 Safari/537.36"
::1 - - [14/Oct/2020:14:03:22 +0000] "GET /orphanages HTTP/1.1" 304 - "http://localhost:3000/" "Mozilla/5.0 (Windows NT 10.0; Win64; x64) AppleWebKit/537.36 (KHTML, like Gecko) Chrome/86.0.4240.75 Safari/537.36"
::1 - - [14/Oct/2020:14:04:38 +0000] "GET /orphanages HTTP/1.1" 200 364 "http://localhost:3000/" "Mozilla/5.0 (Windows NT 10.0; Win64; x64) AppleWebKit/537.36 (KHTML, like Gecko) Chrome/86.0.4240.75 Safari/537.36"
::1 - - [14/Oct/2020:14:18:29 +0000] "POST /orphanages HTTP/1.1" 400 124 "-" "insomnia/2020.4.1"
::1 - - [14/Oct/2020:14:18:43 +0000] "POST /orphanages HTTP/1.1" 201 245 "-" "insomnia/2020.4.1"
::1 - - [14/Oct/2020:14:18:48 +0000] "GET /orphanages HTTP/1.1" 200 634 "http://localhost:3000/" "Mozilla/5.0 (Windows NT 10.0; Win64; x64) AppleWebKit/537.36 (KHTML, like Gecko) Chrome/86.0.4240.75 Safari/537.36"
::1 - - [14/Oct/2020:14:22:02 +0000] "GET /orphanages HTTP/1.1" 304 - "http://localhost:3000/" "Mozilla/5.0 (Windows NT 10.0; Win64; x64) AppleWebKit/537.36 (KHTML, like Gecko) Chrome/86.0.4240.75 Safari/537.36"
::1 - - [14/Oct/2020:14:22:05 +0000] "GET /orphanages HTTP/1.1" 304 - "http://localhost:3000/" "Mozilla/5.0 (Windows NT 10.0; Win64; x64) AppleWebKit/537.36 (KHTML, like Gecko) Chrome/86.0.4240.75 Safari/537.36"
::1 - - [14/Oct/2020:14:23:20 +0000] "GET /orphanages HTTP/1.1" 304 - "http://localhost:3000/" "Mozilla/5.0 (Windows NT 10.0; Win64; x64) AppleWebKit/537.36 (KHTML, like Gecko) Chrome/86.0.4240.75 Safari/537.36"
::1 - - [14/Oct/2020:14:23:23 +0000] "GET /orphanages HTTP/1.1" 304 - "http://localhost:3000/" "Mozilla/5.0 (Windows NT 10.0; Win64; x64) AppleWebKit/537.36 (KHTML, like Gecko) Chrome/86.0.4240.75 Safari/537.36"
::1 - - [14/Oct/2020:14:23:25 +0000] "GET /orphanages HTTP/1.1" 304 - "http://localhost:3000/" "Mozilla/5.0 (Windows NT 10.0; Win64; x64) AppleWebKit/537.36 (KHTML, like Gecko) Chrome/86.0.4240.75 Safari/537.36"
::1 - - [14/Oct/2020:14:23:39 +0000] "GET /orphanages HTTP/1.1" 304 - "http://localhost:3000/" "Mozilla/5.0 (Windows NT 10.0; Win64; x64) AppleWebKit/537.36 (KHTML, like Gecko) Chrome/86.0.4240.75 Safari/537.36"
::1 - - [14/Oct/2020:14:26:38 +0000] "GET /orphanages/1 HTTP/1.1" 200 362 "http://localhost:3000/" "Mozilla/5.0 (Windows NT 10.0; Win64; x64) AppleWebKit/537.36 (KHTML, like Gecko) Chrome/86.0.4240.75 Safari/537.36"
::1 - - [14/Oct/2020:14:26:52 +0000] "GET /orphanages/1 HTTP/1.1" 304 - "http://localhost:3000/" "Mozilla/5.0 (Windows NT 10.0; Win64; x64) AppleWebKit/537.36 (KHTML, like Gecko) Chrome/86.0.4240.75 Safari/537.36"
::1 - - [14/Oct/2020:14:27:21 +0000] "GET /orphanages/1 HTTP/1.1" 304 - "http://localhost:3000/" "Mozilla/5.0 (Windows NT 10.0; Win64; x64) AppleWebKit/537.36 (KHTML, like Gecko) Chrome/86.0.4240.75 Safari/537.36"
::1 - - [14/Oct/2020:14:28:27 +0000] "GET /orphanages/1 HTTP/1.1" 304 - "http://localhost:3000/" "Mozilla/5.0 (Windows NT 10.0; Win64; x64) AppleWebKit/537.36 (KHTML, like Gecko) Chrome/86.0.4240.75 Safari/537.36"
::1 - - [14/Oct/2020:14:29:19 +0000] "GET /orphanages/1 HTTP/1.1" 304 - "http://localhost:3000/" "Mozilla/5.0 (Windows NT 10.0; Win64; x64) AppleWebKit/537.36 (KHTML, like Gecko) Chrome/86.0.4240.75 Safari/537.36"
::1 - - [14/Oct/2020:14:30:17 +0000] "GET /orphanages/1 HTTP/1.1" 304 - "http://localhost:3000/" "Mozilla/5.0 (Windows NT 10.0; Win64; x64) AppleWebKit/537.36 (KHTML, like Gecko) Chrome/86.0.4240.75 Safari/537.36"
::1 - - [14/Oct/2020:14:30:17 +0000] "GET /uploads/1602615682216-master.jpeg HTTP/1.1" 200 211946 "http://localhost:3000/" "Mozilla/5.0 (Windows NT 10.0; Win64; x64) AppleWebKit/537.36 (KHTML, like Gecko) Chrome/86.0.4240.75 Safari/537.36"
::1 - - [14/Oct/2020:14:30:48 +0000] "GET /orphanages/1 HTTP/1.1" 200 360 "http://localhost:3000/" "Mozilla/5.0 (Windows NT 10.0; Win64; x64) AppleWebKit/537.36 (KHTML, like Gecko) Chrome/86.0.4240.75 Safari/537.36"
::1 - - [14/Oct/2020:14:30:48 +0000] "GET /uploads/1602615682216-master.jpeg HTTP/1.1" 304 - "http://localhost:3000/" "Mozilla/5.0 (Windows NT 10.0; Win64; x64) AppleWebKit/537.36 (KHTML, like Gecko) Chrome/86.0.4240.75 Safari/537.36"
::1 - - [14/Oct/2020:14:31:47 +0000] "GET /orphanages/1 HTTP/1.1" 304 - "http://localhost:3000/" "Mozilla/5.0 (Windows NT 10.0; Win64; x64) AppleWebKit/537.36 (KHTML, like Gecko) Chrome/86.0.4240.75 Safari/537.36"
::1 - - [14/Oct/2020:14:31:47 +0000] "GET /uploads/1602615682216-master.jpeg HTTP/1.1" 304 - "http://localhost:3000/" "Mozilla/5.0 (Windows NT 10.0; Win64; x64) AppleWebKit/537.36 (KHTML, like Gecko) Chrome/86.0.4240.75 Safari/537.36"
::1 - - [14/Oct/2020:14:32:18 +0000] "GET /orphanages/1 HTTP/1.1" 304 - "http://localhost:3000/" "Mozilla/5.0 (Windows NT 10.0; Win64; x64) AppleWebKit/537.36 (KHTML, like Gecko) Chrome/86.0.4240.75 Safari/537.36"
::1 - - [14/Oct/2020:14:32:18 +0000] "GET /uploads/1602615682216-master.jpeg HTTP/1.1" 304 - "http://localhost:3000/" "Mozilla/5.0 (Windows NT 10.0; Win64; x64) AppleWebKit/537.36 (KHTML, like Gecko) Chrome/86.0.4240.75 Safari/537.36"
::1 - - [14/Oct/2020:14:33:16 +0000] "GET /orphanages/1 HTTP/1.1" 304 - "http://localhost:3000/" "Mozilla/5.0 (Windows NT 10.0; Win64; x64) AppleWebKit/537.36 (KHTML, like Gecko) Chrome/86.0.4240.75 Safari/537.36"
::1 - - [14/Oct/2020:14:33:16 +0000] "GET /uploads/1602615682216-master.jpeg HTTP/1.1" 304 - "http://localhost:3000/" "Mozilla/5.0 (Windows NT 10.0; Win64; x64) AppleWebKit/537.36 (KHTML, like Gecko) Chrome/86.0.4240.75 Safari/537.36"
::1 - - [14/Oct/2020:14:33:23 +0000] "GET /orphanages/1 HTTP/1.1" 304 - "http://localhost:3000/" "Mozilla/5.0 (Windows NT 10.0; Win64; x64) AppleWebKit/537.36 (KHTML, like Gecko) Chrome/86.0.4240.75 Safari/537.36"
::1 - - [14/Oct/2020:14:33:23 +0000] "GET /uploads/1602615682216-master.jpeg HTTP/1.1" 304 - "http://localhost:3000/" "Mozilla/5.0 (Windows NT 10.0; Win64; x64) AppleWebKit/537.36 (KHTML, like Gecko) Chrome/86.0.4240.75 Safari/537.36"
::1 - - [14/Oct/2020:14:34:00 +0000] "GET /orphanages/1 HTTP/1.1" 304 - "http://localhost:3000/" "Mozilla/5.0 (Windows NT 10.0; Win64; x64) AppleWebKit/537.36 (KHTML, like Gecko) Chrome/86.0.4240.75 Safari/537.36"
::1 - - [14/Oct/2020:14:34:00 +0000] "GET /uploads/1602615682216-master.jpeg HTTP/1.1" 304 - "http://localhost:3000/" "Mozilla/5.0 (Windows NT 10.0; Win64; x64) AppleWebKit/537.36 (KHTML, like Gecko) Chrome/86.0.4240.75 Safari/537.36"
::1 - - [14/Oct/2020:14:35:20 +0000] "GET /orphanages/1 HTTP/1.1" 304 - "http://localhost:3000/" "Mozilla/5.0 (Windows NT 10.0; Win64; x64) AppleWebKit/537.36 (KHTML, like Gecko) Chrome/86.0.4240.75 Safari/537.36"
::1 - - [14/Oct/2020:14:35:20 +0000] "GET /uploads/1602615682216-master.jpeg HTTP/1.1" 304 - "http://localhost:3000/" "Mozilla/5.0 (Windows NT 10.0; Win64; x64) AppleWebKit/537.36 (KHTML, like Gecko) Chrome/86.0.4240.75 Safari/537.36"
::1 - - [14/Oct/2020:14:38:56 +0000] "GET /orphanages/1 HTTP/1.1" 304 - "http://localhost:3000/" "Mozilla/5.0 (Windows NT 10.0; Win64; x64) AppleWebKit/537.36 (KHTML, like Gecko) Chrome/86.0.4240.75 Safari/537.36"
::1 - - [14/Oct/2020:14:38:56 +0000] "GET /uploads/1602615682216-master.jpeg HTTP/1.1" 304 - "http://localhost:3000/" "Mozilla/5.0 (Windows NT 10.0; Win64; x64) AppleWebKit/537.36 (KHTML, like Gecko) Chrome/86.0.4240.75 Safari/537.36"
::1 - - [14/Oct/2020:14:40:46 +0000] "GET /orphanages/1 HTTP/1.1" 304 - "http://localhost:3000/" "Mozilla/5.0 (Windows NT 10.0; Win64; x64) AppleWebKit/537.36 (KHTML, like Gecko) Chrome/86.0.4240.75 Safari/537.36"
::1 - - [14/Oct/2020:14:40:46 +0000] "GET /uploads/1602615682216-master.jpeg HTTP/1.1" 304 - "http://localhost:3000/" "Mozilla/5.0 (Windows NT 10.0; Win64; x64) AppleWebKit/537.36 (KHTML, like Gecko) Chrome/86.0.4240.75 Safari/537.36"
::1 - - [14/Oct/2020:14:41:57 +0000] "GET /orphanages/1 HTTP/1.1" 304 - "http://localhost:3000/" "Mozilla/5.0 (Windows NT 10.0; Win64; x64) AppleWebKit/537.36 (KHTML, like Gecko) Chrome/86.0.4240.75 Safari/537.36"
::1 - - [14/Oct/2020:14:41:57 +0000] "GET /uploads/1602615682216-master.jpeg HTTP/1.1" 304 - "http://localhost:3000/" "Mozilla/5.0 (Windows NT 10.0; Win64; x64) AppleWebKit/537.36 (KHTML, like Gecko) Chrome/86.0.4240.75 Safari/537.36"
::1 - - [14/Oct/2020:14:42:35 +0000] "GET /orphanages/1 HTTP/1.1" 304 - "http://localhost:3000/" "Mozilla/5.0 (Windows NT 10.0; Win64; x64) AppleWebKit/537.36 (KHTML, like Gecko) Chrome/86.0.4240.75 Safari/537.36"
::1 - - [14/Oct/2020:14:42:35 +0000] "GET /uploads/1602615682216-master.jpeg HTTP/1.1" 304 - "http://localhost:3000/" "Mozilla/5.0 (Windows NT 10.0; Win64; x64) AppleWebKit/537.36 (KHTML, like Gecko) Chrome/86.0.4240.75 Safari/537.36"
::1 - - [14/Oct/2020:14:43:15 +0000] "GET /orphanages/1 HTTP/1.1" 304 - "http://localhost:3000/" "Mozilla/5.0 (Windows NT 10.0; Win64; x64) AppleWebKit/537.36 (KHTML, like Gecko) Chrome/86.0.4240.75 Safari/537.36"
::1 - - [14/Oct/2020:14:43:15 +0000] "GET /uploads/1602615682216-master.jpeg HTTP/1.1" 304 - "http://localhost:3000/" "Mozilla/5.0 (Windows NT 10.0; Win64; x64) AppleWebKit/537.36 (KHTML, like Gecko) Chrome/86.0.4240.75 Safari/537.36"
::1 - - [14/Oct/2020:14:43:20 +0000] "GET /orphanages/2 HTTP/1.1" 200 269 "http://localhost:3000/" "Mozilla/5.0 (Windows NT 10.0; Win64; x64) AppleWebKit/537.36 (KHTML, like Gecko) Chrome/86.0.4240.75 Safari/537.36"
::1 - - [14/Oct/2020:14:43:21 +0000] "GET /uploads/1602685123052-master.jpeg HTTP/1.1" 200 211946 "http://localhost:3000/" "Mozilla/5.0 (Windows NT 10.0; Win64; x64) AppleWebKit/537.36 (KHTML, like Gecko) Chrome/86.0.4240.75 Safari/537.36"
::1 - - [14/Oct/2020:14:43:25 +0000] "GET /orphanages/1 HTTP/1.1" 304 - "http://localhost:3000/" "Mozilla/5.0 (Windows NT 10.0; Win64; x64) AppleWebKit/537.36 (KHTML, like Gecko) Chrome/86.0.4240.75 Safari/537.36"
::1 - - [14/Oct/2020:14:43:25 +0000] "GET /uploads/1602615682216-master.jpeg HTTP/1.1" 304 - "http://localhost:3000/" "Mozilla/5.0 (Windows NT 10.0; Win64; x64) AppleWebKit/537.36 (KHTML, like Gecko) Chrome/86.0.4240.75 Safari/537.36"
::1 - - [14/Oct/2020:14:43:42 +0000] "GET /orphanages/1 HTTP/1.1" 200 359 "http://localhost:3000/" "Mozilla/5.0 (Windows NT 10.0; Win64; x64) AppleWebKit/537.36 (KHTML, like Gecko) Chrome/86.0.4240.75 Safari/537.36"
::1 - - [14/Oct/2020:14:43:42 +0000] "GET /uploads/1602615682216-master.jpeg HTTP/1.1" 304 - "http://localhost:3000/" "Mozilla/5.0 (Windows NT 10.0; Win64; x64) AppleWebKit/537.36 (KHTML, like Gecko) Chrome/86.0.4240.75 Safari/537.36"
::1 - - [14/Oct/2020:14:43:56 +0000] "GET /orphanages/1 HTTP/1.1" 200 360 "http://localhost:3000/" "Mozilla/5.0 (Windows NT 10.0; Win64; x64) AppleWebKit/537.36 (KHTML, like Gecko) Chrome/86.0.4240.75 Safari/537.36"
::1 - - [14/Oct/2020:14:43:56 +0000] "GET /uploads/1602615682216-master.jpeg HTTP/1.1" 304 - "http://localhost:3000/" "Mozilla/5.0 (Windows NT 10.0; Win64; x64) AppleWebKit/537.36 (KHTML, like Gecko) Chrome/86.0.4240.75 Safari/537.36"
::1 - - [14/Oct/2020:14:45:16 +0000] "GET /orphanages/1 HTTP/1.1" 304 - "http://localhost:3000/" "Mozilla/5.0 (Windows NT 10.0; Win64; x64) AppleWebKit/537.36 (KHTML, like Gecko) Chrome/86.0.4240.75 Safari/537.36"
::1 - - [14/Oct/2020:14:45:16 +0000] "GET /uploads/1602615682216-master.jpeg HTTP/1.1" 304 - "http://localhost:3000/" "Mozilla/5.0 (Windows NT 10.0; Win64; x64) AppleWebKit/537.36 (KHTML, like Gecko) Chrome/86.0.4240.75 Safari/537.36"
::1 - - [14/Oct/2020:14:46:45 +0000] "GET /orphanages/1 HTTP/1.1" 304 - "http://localhost:3000/" "Mozilla/5.0 (Windows NT 10.0; Win64; x64) AppleWebKit/537.36 (KHTML, like Gecko) Chrome/86.0.4240.75 Safari/537.36"
::1 - - [14/Oct/2020:14:46:45 +0000] "GET /uploads/1602615682216-master.jpeg HTTP/1.1" 304 - "http://localhost:3000/" "Mozilla/5.0 (Windows NT 10.0; Win64; x64) AppleWebKit/537.36 (KHTML, like Gecko) Chrome/86.0.4240.75 Safari/537.36"
::1 - - [14/Oct/2020:14:46:45 +0000] "GET /uploads/1602615682223-pppppppfers-----.jpg HTTP/1.1" 200 51181 "http://localhost:3000/" "Mozilla/5.0 (Windows NT 10.0; Win64; x64) AppleWebKit/537.36 (KHTML, like Gecko) Chrome/86.0.4240.75 Safari/537.36"
::1 - - [14/Oct/2020:14:47:04 +0000] "GET /orphanages/1 HTTP/1.1" 304 - "http://localhost:3000/" "Mozilla/5.0 (Windows NT 10.0; Win64; x64) AppleWebKit/537.36 (KHTML, like Gecko) Chrome/86.0.4240.75 Safari/537.36"
::1 - - [14/Oct/2020:14:47:04 +0000] "GET /uploads/1602615682216-master.jpeg HTTP/1.1" 304 - "http://localhost:3000/" "Mozilla/5.0 (Windows NT 10.0; Win64; x64) AppleWebKit/537.36 (KHTML, like Gecko) Chrome/86.0.4240.75 Safari/537.36"
::1 - - [14/Oct/2020:14:47:04 +0000] "GET /uploads/1602615682223-pppppppfers-----.jpg HTTP/1.1" 304 - "http://localhost:3000/" "Mozilla/5.0 (Windows NT 10.0; Win64; x64) AppleWebKit/537.36 (KHTML, like Gecko) Chrome/86.0.4240.75 Safari/537.36"
::1 - - [14/Oct/2020:14:47:15 +0000] "GET /orphanages/1 HTTP/1.1" 304 - "http://localhost:3000/" "Mozilla/5.0 (Windows NT 10.0; Win64; x64) AppleWebKit/537.36 (KHTML, like Gecko) Chrome/86.0.4240.75 Safari/537.36"
::1 - - [14/Oct/2020:14:47:15 +0000] "GET /uploads/1602615682216-master.jpeg HTTP/1.1" 304 - "http://localhost:3000/" "Mozilla/5.0 (Windows NT 10.0; Win64; x64) AppleWebKit/537.36 (KHTML, like Gecko) Chrome/86.0.4240.75 Safari/537.36"
::1 - - [14/Oct/2020:14:47:15 +0000] "GET /uploads/1602615682223-pppppppfers-----.jpg HTTP/1.1" 304 - "http://localhost:3000/" "Mozilla/5.0 (Windows NT 10.0; Win64; x64) AppleWebKit/537.36 (KHTML, like Gecko) Chrome/86.0.4240.75 Safari/537.36"
::1 - - [14/Oct/2020:14:48:14 +0000] "GET /orphanages/1 HTTP/1.1" 304 - "http://localhost:3000/" "Mozilla/5.0 (Windows NT 10.0; Win64; x64) AppleWebKit/537.36 (KHTML, like Gecko) Chrome/86.0.4240.75 Safari/537.36"
::1 - - [14/Oct/2020:14:48:14 +0000] "GET /uploads/1602615682216-master.jpeg HTTP/1.1" 304 - "http://localhost:3000/" "Mozilla/5.0 (Windows NT 10.0; Win64; x64) AppleWebKit/537.36 (KHTML, like Gecko) Chrome/86.0.4240.75 Safari/537.36"
::1 - - [14/Oct/2020:14:48:14 +0000] "GET /uploads/1602615682223-pppppppfers-----.jpg HTTP/1.1" 304 - "http://localhost:3000/" "Mozilla/5.0 (Windows NT 10.0; Win64; x64) AppleWebKit/537.36 (KHTML, like Gecko) Chrome/86.0.4240.75 Safari/537.36"
::1 - - [14/Oct/2020:14:48:37 +0000] "GET /orphanages/1 HTTP/1.1" 304 - "http://localhost:3000/" "Mozilla/5.0 (Windows NT 10.0; Win64; x64) AppleWebKit/537.36 (KHTML, like Gecko) Chrome/86.0.4240.75 Safari/537.36"
::1 - - [14/Oct/2020:14:48:37 +0000] "GET /uploads/1602615682216-master.jpeg HTTP/1.1" 304 - "http://localhost:3000/" "Mozilla/5.0 (Windows NT 10.0; Win64; x64) AppleWebKit/537.36 (KHTML, like Gecko) Chrome/86.0.4240.75 Safari/537.36"
::1 - - [14/Oct/2020:14:48:37 +0000] "GET /uploads/1602615682223-pppppppfers-----.jpg HTTP/1.1" 304 - "http://localhost:3000/" "Mozilla/5.0 (Windows NT 10.0; Win64; x64) AppleWebKit/537.36 (KHTML, like Gecko) Chrome/86.0.4240.75 Safari/537.36"
::1 - - [14/Oct/2020:14:58:23 +0000] "GET /orphanages/1 HTTP/1.1" 304 - "http://localhost:3000/" "Mozilla/5.0 (Windows NT 10.0; Win64; x64) AppleWebKit/537.36 (KHTML, like Gecko) Chrome/86.0.4240.75 Safari/537.36"
::1 - - [14/Oct/2020:14:58:23 +0000] "GET /uploads/1602615682216-master.jpeg HTTP/1.1" 304 - "http://localhost:3000/" "Mozilla/5.0 (Windows NT 10.0; Win64; x64) AppleWebKit/537.36 (KHTML, like Gecko) Chrome/86.0.4240.75 Safari/537.36"
::1 - - [14/Oct/2020:14:58:23 +0000] "GET /uploads/1602615682223-pppppppfers-----.jpg HTTP/1.1" 304 - "http://localhost:3000/" "Mozilla/5.0 (Windows NT 10.0; Win64; x64) AppleWebKit/537.36 (KHTML, like Gecko) Chrome/86.0.4240.75 Safari/537.36"
::1 - - [14/Oct/2020:14:59:24 +0000] "GET /orphanages/1 HTTP/1.1" 304 - "http://localhost:3000/" "Mozilla/5.0 (Windows NT 10.0; Win64; x64) AppleWebKit/537.36 (KHTML, like Gecko) Chrome/86.0.4240.75 Safari/537.36"
::1 - - [14/Oct/2020:14:59:25 +0000] "GET /uploads/1602615682216-master.jpeg HTTP/1.1" 304 - "http://localhost:3000/" "Mozilla/5.0 (Windows NT 10.0; Win64; x64) AppleWebKit/537.36 (KHTML, like Gecko) Chrome/86.0.4240.75 Safari/537.36"
::1 - - [14/Oct/2020:14:59:25 +0000] "GET /uploads/1602615682223-pppppppfers-----.jpg HTTP/1.1" 304 - "http://localhost:3000/" "Mozilla/5.0 (Windows NT 10.0; Win64; x64) AppleWebKit/537.36 (KHTML, like Gecko) Chrome/86.0.4240.75 Safari/537.36"
::1 - - [14/Oct/2020:14:59:57 +0000] "GET /orphanages/1 HTTP/1.1" 304 - "http://localhost:3000/" "Mozilla/5.0 (Windows NT 10.0; Win64; x64) AppleWebKit/537.36 (KHTML, like Gecko) Chrome/86.0.4240.75 Safari/537.36"
::1 - - [14/Oct/2020:14:59:57 +0000] "GET /uploads/1602615682216-master.jpeg HTTP/1.1" 304 - "http://localhost:3000/" "Mozilla/5.0 (Windows NT 10.0; Win64; x64) AppleWebKit/537.36 (KHTML, like Gecko) Chrome/86.0.4240.75 Safari/537.36"
::1 - - [14/Oct/2020:14:59:57 +0000] "GET /uploads/1602615682223-pppppppfers-----.jpg HTTP/1.1" 304 - "http://localhost:3000/" "Mozilla/5.0 (Windows NT 10.0; Win64; x64) AppleWebKit/537.36 (KHTML, like Gecko) Chrome/86.0.4240.75 Safari/537.36"
::1 - - [14/Oct/2020:15:01:21 +0000] "GET /orphanages/1 HTTP/1.1" 304 - "http://localhost:3000/" "Mozilla/5.0 (Windows NT 10.0; Win64; x64) AppleWebKit/537.36 (KHTML, like Gecko) Chrome/86.0.4240.75 Safari/537.36"
::1 - - [14/Oct/2020:15:01:22 +0000] "GET /uploads/1602615682216-master.jpeg HTTP/1.1" 304 - "http://localhost:3000/" "Mozilla/5.0 (Windows NT 10.0; Win64; x64) AppleWebKit/537.36 (KHTML, like Gecko) Chrome/86.0.4240.75 Safari/537.36"
::1 - - [14/Oct/2020:15:01:22 +0000] "GET /uploads/1602615682223-pppppppfers-----.jpg HTTP/1.1" 304 - "http://localhost:3000/" "Mozilla/5.0 (Windows NT 10.0; Win64; x64) AppleWebKit/537.36 (KHTML, like Gecko) Chrome/86.0.4240.75 Safari/537.36"
::1 - - [14/Oct/2020:15:01:33 +0000] "GET /orphanages/1 HTTP/1.1" 304 - "http://localhost:3000/" "Mozilla/5.0 (Windows NT 10.0; Win64; x64) AppleWebKit/537.36 (KHTML, like Gecko) Chrome/86.0.4240.75 Safari/537.36"
::1 - - [14/Oct/2020:15:01:34 +0000] "GET /uploads/1602615682216-master.jpeg HTTP/1.1" 304 - "http://localhost:3000/" "Mozilla/5.0 (Windows NT 10.0; Win64; x64) AppleWebKit/537.36 (KHTML, like Gecko) Chrome/86.0.4240.75 Safari/537.36"
::1 - - [14/Oct/2020:15:01:34 +0000] "GET /uploads/1602615682223-pppppppfers-----.jpg HTTP/1.1" 304 - "http://localhost:3000/" "Mozilla/5.0 (Windows NT 10.0; Win64; x64) AppleWebKit/537.36 (KHTML, like Gecko) Chrome/86.0.4240.75 Safari/537.36"
::1 - - [14/Oct/2020:15:02:39 +0000] "GET /orphanages/1 HTTP/1.1" 304 - "http://localhost:3000/" "Mozilla/5.0 (Windows NT 10.0; Win64; x64) AppleWebKit/537.36 (KHTML, like Gecko) Chrome/86.0.4240.75 Safari/537.36"
::1 - - [14/Oct/2020:15:02:39 +0000] "GET /uploads/1602615682216-master.jpeg HTTP/1.1" 304 - "http://localhost:3000/" "Mozilla/5.0 (Windows NT 10.0; Win64; x64) AppleWebKit/537.36 (KHTML, like Gecko) Chrome/86.0.4240.75 Safari/537.36"
::1 - - [14/Oct/2020:15:02:39 +0000] "GET /uploads/1602615682223-pppppppfers-----.jpg HTTP/1.1" 304 - "http://localhost:3000/" "Mozilla/5.0 (Windows NT 10.0; Win64; x64) AppleWebKit/537.36 (KHTML, like Gecko) Chrome/86.0.4240.75 Safari/537.36"
::1 - - [14/Oct/2020:15:03:39 +0000] "GET /orphanages/1 HTTP/1.1" 304 - "http://localhost:3000/" "Mozilla/5.0 (Windows NT 10.0; Win64; x64) AppleWebKit/537.36 (KHTML, like Gecko) Chrome/86.0.4240.75 Safari/537.36"
::1 - - [14/Oct/2020:15:03:39 +0000] "GET /uploads/1602615682216-master.jpeg HTTP/1.1" 304 - "http://localhost:3000/" "Mozilla/5.0 (Windows NT 10.0; Win64; x64) AppleWebKit/537.36 (KHTML, like Gecko) Chrome/86.0.4240.75 Safari/537.36"
::1 - - [14/Oct/2020:15:03:39 +0000] "GET /uploads/1602615682223-pppppppfers-----.jpg HTTP/1.1" 304 - "http://localhost:3000/" "Mozilla/5.0 (Windows NT 10.0; Win64; x64) AppleWebKit/537.36 (KHTML, like Gecko) Chrome/86.0.4240.75 Safari/537.36"
::1 - - [14/Oct/2020:15:05:08 +0000] "GET /orphanages HTTP/1.1" 200 632 "http://localhost:3000/" "Mozilla/5.0 (Windows NT 10.0; Win64; x64) AppleWebKit/537.36 (KHTML, like Gecko) Chrome/86.0.4240.75 Safari/537.36"
::1 - - [14/Oct/2020:17:25:58 +0000] "POST /orphanages HTTP/1.1" 201 293 "http://localhost:3000/" "Mozilla/5.0 (Windows NT 10.0; Win64; x64) AppleWebKit/537.36 (KHTML, like Gecko) Chrome/86.0.4240.75 Safari/537.36"
::1 - - [14/Oct/2020:17:26:01 +0000] "GET /orphanages HTTP/1.1" 200 979 "http://localhost:3000/" "Mozilla/5.0 (Windows NT 10.0; Win64; x64) AppleWebKit/537.36 (KHTML, like Gecko) Chrome/86.0.4240.75 Safari/537.36"
::1 - - [14/Oct/2020:17:33:20 +0000] "POST /orphanages HTTP/1.1" 201 223 "http://localhost:3000/" "Mozilla/5.0 (Windows NT 10.0; Win64; x64) AppleWebKit/537.36 (KHTML, like Gecko) Chrome/86.0.4240.75 Safari/537.36"
::1 - - [14/Oct/2020:17:33:22 +0000] "GET /orphanages HTTP/1.1" 200 1227 "http://localhost:3000/" "Mozilla/5.0 (Windows NT 10.0; Win64; x64) AppleWebKit/537.36 (KHTML, like Gecko) Chrome/86.0.4240.75 Safari/537.36"
::1 - - [14/Oct/2020:17:43:52 +0000] "GET /orphanages HTTP/1.1" 304 - "http://localhost:3000/" "Mozilla/5.0 (Windows NT 10.0; Win64; x64) AppleWebKit/537.36 (KHTML, like Gecko) Chrome/86.0.4240.75 Safari/537.36"
::1 - - [14/Oct/2020:17:59:43 +0000] "GET /orphanages HTTP/1.1" 304 - "http://localhost:3000/" "Mozilla/5.0 (Windows NT 10.0; Win64; x64) AppleWebKit/537.36 (KHTML, like Gecko) Chrome/86.0.4240.75 Safari/537.36"
::1 - - [14/Oct/2020:18:14:49 +0000] "GET /orphanages HTTP/1.1" 304 - "http://localhost:3000/" "Mozilla/5.0 (Windows NT 10.0; Win64; x64) AppleWebKit/537.36 (KHTML, like Gecko) Chrome/86.0.4240.75 Safari/537.36"
::1 - - [14/Oct/2020:18:15:00 +0000] "GET /orphanages HTTP/1.1" 304 - "http://localhost:3000/" "Mozilla/5.0 (Windows NT 10.0; Win64; x64) AppleWebKit/537.36 (KHTML, like Gecko) Chrome/86.0.4240.75 Safari/537.36"
::1 - - [14/Oct/2020:18:15:11 +0000] "GET /orphanages/2 HTTP/1.1" 304 - "http://localhost:3000/" "Mozilla/5.0 (Windows NT 10.0; Win64; x64) AppleWebKit/537.36 (KHTML, like Gecko) Chrome/86.0.4240.75 Safari/537.36"
::1 - - [14/Oct/2020:18:15:13 +0000] "GET /uploads/1602685123052-master.jpeg HTTP/1.1" 304 - "http://localhost:3000/" "Mozilla/5.0 (Windows NT 10.0; Win64; x64) AppleWebKit/537.36 (KHTML, like Gecko) Chrome/86.0.4240.75 Safari/537.36"
::1 - - [14/Oct/2020:18:15:41 +0000] "GET /orphanages HTTP/1.1" 304 - "http://localhost:3000/" "Mozilla/5.0 (Windows NT 10.0; Win64; x64) AppleWebKit/537.36 (KHTML, like Gecko) Chrome/86.0.4240.75 Safari/537.36"
::1 - - [14/Oct/2020:18:15:43 +0000] "GET /orphanages/1 HTTP/1.1" 304 - "http://localhost:3000/" "Mozilla/5.0 (Windows NT 10.0; Win64; x64) AppleWebKit/537.36 (KHTML, like Gecko) Chrome/86.0.4240.75 Safari/537.36"
::1 - - [14/Oct/2020:18:15:43 +0000] "GET /uploads/1602615682216-master.jpeg HTTP/1.1" 304 - "http://localhost:3000/" "Mozilla/5.0 (Windows NT 10.0; Win64; x64) AppleWebKit/537.36 (KHTML, like Gecko) Chrome/86.0.4240.75 Safari/537.36"
::1 - - [14/Oct/2020:18:15:43 +0000] "GET /uploads/1602615682223-pppppppfers-----.jpg HTTP/1.1" 304 - "http://localhost:3000/" "Mozilla/5.0 (Windows NT 10.0; Win64; x64) AppleWebKit/537.36 (KHTML, like Gecko) Chrome/86.0.4240.75 Safari/537.36"
::1 - - [14/Oct/2020:18:16:16 +0000] "GET /orphanages/1 HTTP/1.1" 304 - "http://localhost:3000/" "Mozilla/5.0 (Windows NT 10.0; Win64; x64) AppleWebKit/537.36 (KHTML, like Gecko) Chrome/86.0.4240.75 Safari/537.36"
::1 - - [14/Oct/2020:18:16:16 +0000] "GET /uploads/1602615682216-master.jpeg HTTP/1.1" 304 - "http://localhost:3000/" "Mozilla/5.0 (Windows NT 10.0; Win64; x64) AppleWebKit/537.36 (KHTML, like Gecko) Chrome/86.0.4240.75 Safari/537.36"
::1 - - [14/Oct/2020:18:16:16 +0000] "GET /uploads/1602615682223-pppppppfers-----.jpg HTTP/1.1" 304 - "http://localhost:3000/" "Mozilla/5.0 (Windows NT 10.0; Win64; x64) AppleWebKit/537.36 (KHTML, like Gecko) Chrome/86.0.4240.75 Safari/537.36"
::1 - - [14/Oct/2020:18:16:26 +0000] "GET /orphanages/1 HTTP/1.1" 304 - "http://localhost:3000/" "Mozilla/5.0 (Windows NT 10.0; Win64; x64) AppleWebKit/537.36 (KHTML, like Gecko) Chrome/86.0.4240.75 Safari/537.36"
::1 - - [14/Oct/2020:18:16:27 +0000] "GET /uploads/1602615682216-master.jpeg HTTP/1.1" 304 - "http://localhost:3000/" "Mozilla/5.0 (Windows NT 10.0; Win64; x64) AppleWebKit/537.36 (KHTML, like Gecko) Chrome/86.0.4240.75 Safari/537.36"
::1 - - [14/Oct/2020:18:16:27 +0000] "GET /uploads/1602615682223-pppppppfers-----.jpg HTTP/1.1" 304 - "http://localhost:3000/" "Mozilla/5.0 (Windows NT 10.0; Win64; x64) AppleWebKit/537.36 (KHTML, like Gecko) Chrome/86.0.4240.75 Safari/537.36"
::1 - - [14/Oct/2020:18:16:53 +0000] "GET /orphanages HTTP/1.1" 304 - "http://localhost:3000/" "Mozilla/5.0 (Windows NT 10.0; Win64; x64) AppleWebKit/537.36 (KHTML, like Gecko) Chrome/86.0.4240.75 Safari/537.36"
::1 - - [14/Oct/2020:18:18:10 +0000] "GET /orphanages HTTP/1.1" 304 - "http://localhost:3000/" "Mozilla/5.0 (Windows NT 10.0; Win64; x64) AppleWebKit/537.36 (KHTML, like Gecko) Chrome/86.0.4240.75 Safari/537.36"
::1 - - [14/Oct/2020:18:18:31 +0000] "GET /orphanages/1 HTTP/1.1" 304 - "http://localhost:3000/" "Mozilla/5.0 (Windows NT 10.0; Win64; x64) AppleWebKit/537.36 (KHTML, like Gecko) Chrome/86.0.4240.75 Safari/537.36"
::1 - - [14/Oct/2020:18:18:31 +0000] "GET /uploads/1602615682216-master.jpeg HTTP/1.1" 304 - "http://localhost:3000/" "Mozilla/5.0 (Windows NT 10.0; Win64; x64) AppleWebKit/537.36 (KHTML, like Gecko) Chrome/86.0.4240.75 Safari/537.36"
::1 - - [14/Oct/2020:18:18:31 +0000] "GET /uploads/1602615682223-pppppppfers-----.jpg HTTP/1.1" 304 - "http://localhost:3000/" "Mozilla/5.0 (Windows NT 10.0; Win64; x64) AppleWebKit/537.36 (KHTML, like Gecko) Chrome/86.0.4240.75 Safari/537.36"
::1 - - [14/Oct/2020:18:19:27 +0000] "GET /orphanages/1 HTTP/1.1" 304 - "http://localhost:3000/" "Mozilla/5.0 (Windows NT 10.0; Win64; x64) AppleWebKit/537.36 (KHTML, like Gecko) Chrome/86.0.4240.75 Safari/537.36"
::1 - - [14/Oct/2020:18:19:27 +0000] "GET /uploads/1602615682216-master.jpeg HTTP/1.1" 304 - "http://localhost:3000/" "Mozilla/5.0 (Windows NT 10.0; Win64; x64) AppleWebKit/537.36 (KHTML, like Gecko) Chrome/86.0.4240.75 Safari/537.36"
::1 - - [14/Oct/2020:18:19:27 +0000] "GET /uploads/1602615682223-pppppppfers-----.jpg HTTP/1.1" 304 - "http://localhost:3000/" "Mozilla/5.0 (Windows NT 10.0; Win64; x64) AppleWebKit/537.36 (KHTML, like Gecko) Chrome/86.0.4240.75 Safari/537.36"
::1 - - [14/Oct/2020:18:19:41 +0000] "GET /orphanages/1 HTTP/1.1" 304 - "http://localhost:3000/" "Mozilla/5.0 (Windows NT 10.0; Win64; x64) AppleWebKit/537.36 (KHTML, like Gecko) Chrome/86.0.4240.75 Safari/537.36"
::1 - - [14/Oct/2020:18:19:41 +0000] "GET /uploads/1602615682216-master.jpeg HTTP/1.1" 304 - "http://localhost:3000/" "Mozilla/5.0 (Windows NT 10.0; Win64; x64) AppleWebKit/537.36 (KHTML, like Gecko) Chrome/86.0.4240.75 Safari/537.36"
::1 - - [14/Oct/2020:18:19:41 +0000] "GET /uploads/1602615682223-pppppppfers-----.jpg HTTP/1.1" 304 - "http://localhost:3000/" "Mozilla/5.0 (Windows NT 10.0; Win64; x64) AppleWebKit/537.36 (KHTML, like Gecko) Chrome/86.0.4240.75 Safari/537.36"
::1 - - [14/Oct/2020:18:21:17 +0000] "GET /orphanages/1 HTTP/1.1" 304 - "http://localhost:3000/" "Mozilla/5.0 (Windows NT 10.0; Win64; x64) AppleWebKit/537.36 (KHTML, like Gecko) Chrome/86.0.4240.75 Safari/537.36"
::1 - - [14/Oct/2020:18:21:17 +0000] "GET /uploads/1602615682216-master.jpeg HTTP/1.1" 304 - "http://localhost:3000/" "Mozilla/5.0 (Windows NT 10.0; Win64; x64) AppleWebKit/537.36 (KHTML, like Gecko) Chrome/86.0.4240.75 Safari/537.36"
::1 - - [14/Oct/2020:18:21:17 +0000] "GET /uploads/1602615682223-pppppppfers-----.jpg HTTP/1.1" 304 - "http://localhost:3000/" "Mozilla/5.0 (Windows NT 10.0; Win64; x64) AppleWebKit/537.36 (KHTML, like Gecko) Chrome/86.0.4240.75 Safari/537.36"
::1 - - [14/Oct/2020:18:21:26 +0000] "GET /orphanages/1 HTTP/1.1" 304 - "http://localhost:3000/" "Mozilla/5.0 (Windows NT 10.0; Win64; x64) AppleWebKit/537.36 (KHTML, like Gecko) Chrome/86.0.4240.75 Safari/537.36"
::1 - - [14/Oct/2020:18:21:26 +0000] "GET /uploads/1602615682223-pppppppfers-----.jpg HTTP/1.1" 304 - "http://localhost:3000/" "Mozilla/5.0 (Windows NT 10.0; Win64; x64) AppleWebKit/537.36 (KHTML, like Gecko) Chrome/86.0.4240.75 Safari/537.36"
::1 - - [14/Oct/2020:18:21:26 +0000] "GET /uploads/1602615682216-master.jpeg HTTP/1.1" 304 - "http://localhost:3000/" "Mozilla/5.0 (Windows NT 10.0; Win64; x64) AppleWebKit/537.36 (KHTML, like Gecko) Chrome/86.0.4240.75 Safari/537.36"
::1 - - [14/Oct/2020:18:21:50 +0000] "GET /orphanages/1 HTTP/1.1" 304 - "http://localhost:3000/" "Mozilla/5.0 (Windows NT 10.0; Win64; x64) AppleWebKit/537.36 (KHTML, like Gecko) Chrome/86.0.4240.75 Safari/537.36"
::1 - - [14/Oct/2020:18:21:50 +0000] "GET /uploads/1602615682216-master.jpeg HTTP/1.1" 304 - "http://localhost:3000/" "Mozilla/5.0 (Windows NT 10.0; Win64; x64) AppleWebKit/537.36 (KHTML, like Gecko) Chrome/86.0.4240.75 Safari/537.36"
::1 - - [14/Oct/2020:18:21:50 +0000] "GET /uploads/1602615682223-pppppppfers-----.jpg HTTP/1.1" 304 - "http://localhost:3000/" "Mozilla/5.0 (Windows NT 10.0; Win64; x64) AppleWebKit/537.36 (KHTML, like Gecko) Chrome/86.0.4240.75 Safari/537.36"
::1 - - [14/Oct/2020:18:26:48 +0000] "GET /orphanages/1 HTTP/1.1" 304 - "http://localhost:3000/" "Mozilla/5.0 (Windows NT 10.0; Win64; x64) AppleWebKit/537.36 (KHTML, like Gecko) Chrome/86.0.4240.75 Safari/537.36"
::1 - - [14/Oct/2020:18:26:48 +0000] "GET /uploads/1602615682216-master.jpeg HTTP/1.1" 304 - "http://localhost:3000/" "Mozilla/5.0 (Windows NT 10.0; Win64; x64) AppleWebKit/537.36 (KHTML, like Gecko) Chrome/86.0.4240.75 Safari/537.36"
::1 - - [14/Oct/2020:18:26:48 +0000] "GET /uploads/1602615682223-pppppppfers-----.jpg HTTP/1.1" 304 - "http://localhost:3000/" "Mozilla/5.0 (Windows NT 10.0; Win64; x64) AppleWebKit/537.36 (KHTML, like Gecko) Chrome/86.0.4240.75 Safari/537.36"
::1 - - [14/Oct/2020:18:30:38 +0000] "GET /orphanages/1 HTTP/1.1" 304 - "http://localhost:3000/" "Mozilla/5.0 (Windows NT 10.0; Win64; x64) AppleWebKit/537.36 (KHTML, like Gecko) Chrome/86.0.4240.75 Safari/537.36"
::1 - - [14/Oct/2020:18:30:38 +0000] "GET /uploads/1602615682216-master.jpeg HTTP/1.1" 304 - "http://localhost:3000/" "Mozilla/5.0 (Windows NT 10.0; Win64; x64) AppleWebKit/537.36 (KHTML, like Gecko) Chrome/86.0.4240.75 Safari/537.36"
::1 - - [14/Oct/2020:18:30:38 +0000] "GET /uploads/1602615682223-pppppppfers-----.jpg HTTP/1.1" 304 - "http://localhost:3000/" "Mozilla/5.0 (Windows NT 10.0; Win64; x64) AppleWebKit/537.36 (KHTML, like Gecko) Chrome/86.0.4240.75 Safari/537.36"
::1 - - [14/Oct/2020:18:30:45 +0000] "GET /orphanages/1 HTTP/1.1" 304 - "http://localhost:3000/" "Mozilla/5.0 (Windows NT 10.0; Win64; x64) AppleWebKit/537.36 (KHTML, like Gecko) Chrome/86.0.4240.75 Safari/537.36"
::1 - - [14/Oct/2020:18:30:46 +0000] "GET /uploads/1602615682216-master.jpeg HTTP/1.1" 304 - "http://localhost:3000/" "Mozilla/5.0 (Windows NT 10.0; Win64; x64) AppleWebKit/537.36 (KHTML, like Gecko) Chrome/86.0.4240.75 Safari/537.36"
::1 - - [14/Oct/2020:18:30:46 +0000] "GET /uploads/1602615682223-pppppppfers-----.jpg HTTP/1.1" 304 - "http://localhost:3000/" "Mozilla/5.0 (Windows NT 10.0; Win64; x64) AppleWebKit/537.36 (KHTML, like Gecko) Chrome/86.0.4240.75 Safari/537.36"
::1 - - [14/Oct/2020:18:33:00 +0000] "GET /orphanages/1 HTTP/1.1" 304 - "http://localhost:3000/" "Mozilla/5.0 (Windows NT 10.0; Win64; x64) AppleWebKit/537.36 (KHTML, like Gecko) Chrome/86.0.4240.75 Safari/537.36"
::1 - - [14/Oct/2020:18:33:01 +0000] "GET /uploads/1602615682216-master.jpeg HTTP/1.1" 304 - "http://localhost:3000/" "Mozilla/5.0 (Windows NT 10.0; Win64; x64) AppleWebKit/537.36 (KHTML, like Gecko) Chrome/86.0.4240.75 Safari/537.36"
::1 - - [14/Oct/2020:18:33:01 +0000] "GET /uploads/1602615682223-pppppppfers-----.jpg HTTP/1.1" 304 - "http://localhost:3000/" "Mozilla/5.0 (Windows NT 10.0; Win64; x64) AppleWebKit/537.36 (KHTML, like Gecko) Chrome/86.0.4240.75 Safari/537.36"
::1 - - [14/Oct/2020:18:34:25 +0000] "GET /orphanages/1 HTTP/1.1" 304 - "http://localhost:3000/" "Mozilla/5.0 (Windows NT 10.0; Win64; x64) AppleWebKit/537.36 (KHTML, like Gecko) Chrome/86.0.4240.75 Safari/537.36"
::1 - - [14/Oct/2020:18:34:25 +0000] "GET /uploads/1602615682216-master.jpeg HTTP/1.1" 304 - "http://localhost:3000/" "Mozilla/5.0 (Windows NT 10.0; Win64; x64) AppleWebKit/537.36 (KHTML, like Gecko) Chrome/86.0.4240.75 Safari/537.36"
::1 - - [14/Oct/2020:18:34:25 +0000] "GET /uploads/1602615682223-pppppppfers-----.jpg HTTP/1.1" 304 - "http://localhost:3000/" "Mozilla/5.0 (Windows NT 10.0; Win64; x64) AppleWebKit/537.36 (KHTML, like Gecko) Chrome/86.0.4240.75 Safari/537.36"
::1 - - [14/Oct/2020:18:34:41 +0000] "GET /orphanages/1 HTTP/1.1" 304 - "http://localhost:3000/" "Mozilla/5.0 (Windows NT 10.0; Win64; x64) AppleWebKit/537.36 (KHTML, like Gecko) Chrome/86.0.4240.75 Safari/537.36"
::1 - - [14/Oct/2020:18:34:41 +0000] "GET /uploads/1602615682216-master.jpeg HTTP/1.1" 304 - "http://localhost:3000/" "Mozilla/5.0 (Windows NT 10.0; Win64; x64) AppleWebKit/537.36 (KHTML, like Gecko) Chrome/86.0.4240.75 Safari/537.36"
::1 - - [14/Oct/2020:18:34:41 +0000] "GET /uploads/1602615682223-pppppppfers-----.jpg HTTP/1.1" 304 - "http://localhost:3000/" "Mozilla/5.0 (Windows NT 10.0; Win64; x64) AppleWebKit/537.36 (KHTML, like Gecko) Chrome/86.0.4240.75 Safari/537.36"
::1 - - [14/Oct/2020:18:35:49 +0000] "GET /orphanages/1 HTTP/1.1" 304 - "http://localhost:3000/" "Mozilla/5.0 (Windows NT 10.0; Win64; x64) AppleWebKit/537.36 (KHTML, like Gecko) Chrome/86.0.4240.75 Safari/537.36"
::1 - - [14/Oct/2020:18:35:49 +0000] "GET /uploads/1602615682216-master.jpeg HTTP/1.1" 304 - "http://localhost:3000/" "Mozilla/5.0 (Windows NT 10.0; Win64; x64) AppleWebKit/537.36 (KHTML, like Gecko) Chrome/86.0.4240.75 Safari/537.36"
::1 - - [14/Oct/2020:18:35:49 +0000] "GET /uploads/1602615682223-pppppppfers-----.jpg HTTP/1.1" 304 - "http://localhost:3000/" "Mozilla/5.0 (Windows NT 10.0; Win64; x64) AppleWebKit/537.36 (KHTML, like Gecko) Chrome/86.0.4240.75 Safari/537.36"
::1 - - [14/Oct/2020:18:36:28 +0000] "GET /orphanages/1 HTTP/1.1" 304 - "http://localhost:3000/" "Mozilla/5.0 (Windows NT 10.0; Win64; x64) AppleWebKit/537.36 (KHTML, like Gecko) Chrome/86.0.4240.75 Safari/537.36"
::1 - - [14/Oct/2020:18:36:28 +0000] "GET /uploads/1602615682216-master.jpeg HTTP/1.1" 304 - "http://localhost:3000/" "Mozilla/5.0 (Windows NT 10.0; Win64; x64) AppleWebKit/537.36 (KHTML, like Gecko) Chrome/86.0.4240.75 Safari/537.36"
::1 - - [14/Oct/2020:18:36:28 +0000] "GET /uploads/1602615682223-pppppppfers-----.jpg HTTP/1.1" 304 - "http://localhost:3000/" "Mozilla/5.0 (Windows NT 10.0; Win64; x64) AppleWebKit/537.36 (KHTML, like Gecko) Chrome/86.0.4240.75 Safari/537.36"
::1 - - [14/Oct/2020:18:38:05 +0000] "GET /orphanages/1 HTTP/1.1" 304 - "http://localhost:3000/" "Mozilla/5.0 (Windows NT 10.0; Win64; x64) AppleWebKit/537.36 (KHTML, like Gecko) Chrome/86.0.4240.75 Safari/537.36"
::1 - - [14/Oct/2020:18:38:05 +0000] "GET /uploads/1602615682216-master.jpeg HTTP/1.1" 304 - "http://localhost:3000/" "Mozilla/5.0 (Windows NT 10.0; Win64; x64) AppleWebKit/537.36 (KHTML, like Gecko) Chrome/86.0.4240.75 Safari/537.36"
::1 - - [14/Oct/2020:18:38:05 +0000] "GET /uploads/1602615682223-pppppppfers-----.jpg HTTP/1.1" 304 - "http://localhost:3000/" "Mozilla/5.0 (Windows NT 10.0; Win64; x64) AppleWebKit/537.36 (KHTML, like Gecko) Chrome/86.0.4240.75 Safari/537.36"
::1 - - [14/Oct/2020:18:39:07 +0000] "GET /orphanages/1 HTTP/1.1" 304 - "http://localhost:3000/" "Mozilla/5.0 (Windows NT 10.0; Win64; x64) AppleWebKit/537.36 (KHTML, like Gecko) Chrome/86.0.4240.75 Safari/537.36"
::1 - - [14/Oct/2020:18:39:07 +0000] "GET /uploads/1602615682223-pppppppfers-----.jpg HTTP/1.1" 304 - "http://localhost:3000/" "Mozilla/5.0 (Windows NT 10.0; Win64; x64) AppleWebKit/537.36 (KHTML, like Gecko) Chrome/86.0.4240.75 Safari/537.36"
::1 - - [14/Oct/2020:18:39:07 +0000] "GET /uploads/1602615682216-master.jpeg HTTP/1.1" 304 - "http://localhost:3000/" "Mozilla/5.0 (Windows NT 10.0; Win64; x64) AppleWebKit/537.36 (KHTML, like Gecko) Chrome/86.0.4240.75 Safari/537.36"
::1 - - [14/Oct/2020:18:39:18 +0000] "GET /orphanages/1 HTTP/1.1" 304 - "http://localhost:3000/" "Mozilla/5.0 (Windows NT 10.0; Win64; x64) AppleWebKit/537.36 (KHTML, like Gecko) Chrome/86.0.4240.75 Safari/537.36"
::1 - - [14/Oct/2020:18:39:19 +0000] "GET /uploads/1602615682216-master.jpeg HTTP/1.1" 304 - "http://localhost:3000/" "Mozilla/5.0 (Windows NT 10.0; Win64; x64) AppleWebKit/537.36 (KHTML, like Gecko) Chrome/86.0.4240.75 Safari/537.36"
::1 - - [14/Oct/2020:18:39:19 +0000] "GET /uploads/1602615682223-pppppppfers-----.jpg HTTP/1.1" 304 - "http://localhost:3000/" "Mozilla/5.0 (Windows NT 10.0; Win64; x64) AppleWebKit/537.36 (KHTML, like Gecko) Chrome/86.0.4240.75 Safari/537.36"
::1 - - [14/Oct/2020:18:39:28 +0000] "GET /orphanages/1 HTTP/1.1" 304 - "http://localhost:3000/" "Mozilla/5.0 (Windows NT 10.0; Win64; x64) AppleWebKit/537.36 (KHTML, like Gecko) Chrome/86.0.4240.75 Safari/537.36"
::1 - - [14/Oct/2020:18:39:28 +0000] "GET /uploads/1602615682223-pppppppfers-----.jpg HTTP/1.1" 304 - "http://localhost:3000/" "Mozilla/5.0 (Windows NT 10.0; Win64; x64) AppleWebKit/537.36 (KHTML, like Gecko) Chrome/86.0.4240.75 Safari/537.36"
::1 - - [14/Oct/2020:18:39:28 +0000] "GET /uploads/1602615682216-master.jpeg HTTP/1.1" 304 - "http://localhost:3000/" "Mozilla/5.0 (Windows NT 10.0; Win64; x64) AppleWebKit/537.36 (KHTML, like Gecko) Chrome/86.0.4240.75 Safari/537.36"
::1 - - [14/Oct/2020:18:39:50 +0000] "GET /orphanages/1 HTTP/1.1" 304 - "http://localhost:3000/" "Mozilla/5.0 (Windows NT 10.0; Win64; x64) AppleWebKit/537.36 (KHTML, like Gecko) Chrome/86.0.4240.75 Safari/537.36"
::1 - - [14/Oct/2020:18:39:50 +0000] "GET /uploads/1602615682216-master.jpeg HTTP/1.1" 304 - "http://localhost:3000/" "Mozilla/5.0 (Windows NT 10.0; Win64; x64) AppleWebKit/537.36 (KHTML, like Gecko) Chrome/86.0.4240.75 Safari/537.36"
::1 - - [14/Oct/2020:18:39:50 +0000] "GET /uploads/1602615682223-pppppppfers-----.jpg HTTP/1.1" 304 - "http://localhost:3000/" "Mozilla/5.0 (Windows NT 10.0; Win64; x64) AppleWebKit/537.36 (KHTML, like Gecko) Chrome/86.0.4240.75 Safari/537.36"
::1 - - [14/Oct/2020:18:40:26 +0000] "GET /orphanages/1 HTTP/1.1" 304 - "http://localhost:3000/" "Mozilla/5.0 (Windows NT 10.0; Win64; x64) AppleWebKit/537.36 (KHTML, like Gecko) Chrome/86.0.4240.75 Safari/537.36"
::1 - - [14/Oct/2020:18:40:26 +0000] "GET /uploads/1602615682216-master.jpeg HTTP/1.1" 304 - "http://localhost:3000/" "Mozilla/5.0 (Windows NT 10.0; Win64; x64) AppleWebKit/537.36 (KHTML, like Gecko) Chrome/86.0.4240.75 Safari/537.36"
::1 - - [14/Oct/2020:18:40:26 +0000] "GET /uploads/1602615682223-pppppppfers-----.jpg HTTP/1.1" 304 - "http://localhost:3000/" "Mozilla/5.0 (Windows NT 10.0; Win64; x64) AppleWebKit/537.36 (KHTML, like Gecko) Chrome/86.0.4240.75 Safari/537.36"
::1 - - [14/Oct/2020:18:40:36 +0000] "GET /orphanages/1 HTTP/1.1" 304 - "http://localhost:3000/" "Mozilla/5.0 (Windows NT 10.0; Win64; x64) AppleWebKit/537.36 (KHTML, like Gecko) Chrome/86.0.4240.75 Safari/537.36"
::1 - - [14/Oct/2020:18:40:36 +0000] "GET /uploads/1602615682216-master.jpeg HTTP/1.1" 304 - "http://localhost:3000/" "Mozilla/5.0 (Windows NT 10.0; Win64; x64) AppleWebKit/537.36 (KHTML, like Gecko) Chrome/86.0.4240.75 Safari/537.36"
::1 - - [14/Oct/2020:18:40:36 +0000] "GET /uploads/1602615682223-pppppppfers-----.jpg HTTP/1.1" 304 - "http://localhost:3000/" "Mozilla/5.0 (Windows NT 10.0; Win64; x64) AppleWebKit/537.36 (KHTML, like Gecko) Chrome/86.0.4240.75 Safari/537.36"
